<?xml version="1.0" encoding="utf-8" standalone="no"?>
<!--This file represents the results of running a test suite-->
<test-results name="C:\Users\ben\Desktop\NSure\src\NSure.Test.Fast\bin\Debug\NSure.Test.Fast.dll" total="1" errors="0" failures="0" not-run="0" inconclusive="0" ignored="0" skipped="0" invalid="0" date="2011-10-02" time="13:37:43">
  <environment nunit-version="2.5.10.11092" clr-version="2.0.50727.4927" os-version="Microsoft Windows NT 6.1.7600.0" platform="Win32NT" cwd="C:\Users\ben\Desktop\NSure\build" machine-name="WINVM" user="ben" user-domain="WINVM" />
  <culture-info current-culture="en-US" current-uiculture="en-US" />
  <test-suite type="Assembly" name="C:\Users\ben\Desktop\NSure\src\NSure.Test.Fast\bin\Debug\NSure.Test.Fast.dll" executed="True" result="Success" success="True" time="0.049" asserts="0">
    <results>
      <test-suite type="Namespace" name="NSure" executed="True" result="Success" success="True" time="0.044" asserts="0">
        <results>
          <test-suite type="Namespace" name="Test" executed="True" result="Success" success="True" time="0.043" asserts="0">
            <results>
              <test-suite type="Namespace" name="Fast" executed="True" result="Success" success="True" time="0.043" asserts="0">
                <results>
                  <test-suite type="TestFixture" name="EnsureTests" executed="True" result="Success" success="True" time="0.042" asserts="0">
                    <results>
                      <test-case name="NSure.Test.Fast.EnsureTests.EnsureThat_SuppliedWithTrue_DoesNotThrowAnException" executed="True" result="Success" success="True" time="0.036" asserts="0" />
                    </results>
                  </test-suite>
                </results>
              </test-suite>
            </results>
          </test-suite>
        </results>
      </test-suite>
    </results>
  </test-suite>
</test-results>